<?xml version="1.0" encoding="UTF-8"?>
<testng-results ignored="0" total="4" passed="4" failed="0" skipped="0">
  <reporter-output>
  </reporter-output>
  <suite started-at="2023-09-13T11:57:30 EDT" name="Default Suite" finished-at="2023-09-13T11:59:11 EDT" duration-ms="101143">
    <groups>
    </groups>
    <test started-at="2023-09-13T11:57:30 EDT" name="SeleniumTestNG" finished-at="2023-09-13T11:59:11 EDT" duration-ms="101143">
      <class name="exercise.unit10Annotation.OpenBrowserEveryTest">
        <test-method is-config="true" signature="createDriver()[pri:0, instance:exercise.unit10Annotation.OpenBrowserEveryTest@7880cdf3]" started-at="2023-09-13T11:58:09 EDT" name="createDriver" finished-at="2023-09-13T11:58:10 EDT" duration-ms="1652" status="PASS">
          <reporter-output>
          </reporter-output>
        </test-method> <!-- createDriver -->
        <test-method signature="testAnhTesterBlog()[pri:0, instance:exercise.unit10Annotation.OpenBrowserEveryTest@7880cdf3]" started-at="2023-09-13T11:58:10 EDT" name="testAnhTesterBlog" finished-at="2023-09-13T11:58:41 EDT" duration-ms="30823" status="PASS">
          <reporter-output>
          </reporter-output>
        </test-method> <!-- testAnhTesterBlog -->
        <test-method is-config="true" signature="closeDriver()[pri:0, instance:exercise.unit10Annotation.OpenBrowserEveryTest@7880cdf3]" started-at="2023-09-13T11:58:41 EDT" name="closeDriver" finished-at="2023-09-13T11:58:42 EDT" duration-ms="795" status="PASS">
          <reporter-output>
          </reporter-output>
        </test-method> <!-- closeDriver -->
        <test-method is-config="true" signature="createDriver()[pri:0, instance:exercise.unit10Annotation.OpenBrowserEveryTest@7880cdf3]" started-at="2023-09-13T11:58:42 EDT" name="createDriver" finished-at="2023-09-13T11:58:44 EDT" duration-ms="1611" status="PASS">
          <reporter-output>
          </reporter-output>
        </test-method> <!-- createDriver -->
        <test-method signature="testGoogleSearch()[pri:0, instance:exercise.unit10Annotation.OpenBrowserEveryTest@7880cdf3]" started-at="2023-09-13T11:58:44 EDT" name="testGoogleSearch" finished-at="2023-09-13T11:59:11 EDT" duration-ms="26870" status="PASS">
          <reporter-output>
          </reporter-output>
        </test-method> <!-- testGoogleSearch -->
        <test-method is-config="true" signature="closeDriver()[pri:0, instance:exercise.unit10Annotation.OpenBrowserEveryTest@7880cdf3]" started-at="2023-09-13T11:59:11 EDT" name="closeDriver" finished-at="2023-09-13T11:59:11 EDT" duration-ms="752" status="PASS">
          <reporter-output>
          </reporter-output>
        </test-method> <!-- closeDriver -->
      </class> <!-- exercise.unit10Annotation.OpenBrowserEveryTest -->
      <class name="exercise.unit10Annotation.OpenBrowserOnce">
        <test-method is-config="true" signature="createDriver()[pri:0, instance:exercise.unit10Annotation.OpenBrowserOnce@4386f16]" started-at="2023-09-13T11:57:30 EDT" name="createDriver" finished-at="2023-09-13T11:57:34 EDT" duration-ms="3786" status="PASS">
          <reporter-output>
          </reporter-output>
        </test-method> <!-- createDriver -->
        <test-method signature="testAnhTesterBlog()[pri:1, instance:exercise.unit10Annotation.OpenBrowserOnce@4386f16]" started-at="2023-09-13T11:57:34 EDT" name="testAnhTesterBlog" description="Open AnnhTester Blog" finished-at="2023-09-13T11:58:02 EDT" duration-ms="27542" status="PASS">
          <reporter-output>
          </reporter-output>
        </test-method> <!-- testAnhTesterBlog -->
        <test-method signature="login()[pri:2, instance:exercise.unit10Annotation.OpenBrowserOnce@4386f16]" started-at="2023-09-13T11:58:02 EDT" name="login" description="Login to AnnhTester Blog" finished-at="2023-09-13T11:58:08 EDT" duration-ms="6399" status="PASS">
          <reporter-output>
          </reporter-output>
        </test-method> <!-- login -->
        <test-method is-config="true" signature="closeDriver()[pri:0, instance:exercise.unit10Annotation.OpenBrowserOnce@4386f16]" started-at="2023-09-13T11:58:08 EDT" name="closeDriver" finished-at="2023-09-13T11:58:09 EDT" duration-ms="861" status="PASS">
          <reporter-output>
          </reporter-output>
        </test-method> <!-- closeDriver -->
      </class> <!-- exercise.unit10Annotation.OpenBrowserOnce -->
    </test> <!-- SeleniumTestNG -->
  </suite> <!-- Default Suite -->
</testng-results>
