<?xml version="1.0" encoding="UTF-8"?>
<!-- Generated by org.testng.reporters.JUnitXMLReporter -->
<testsuite ignored="0" hostname="4PHQB62" failures="0" tests="4" name="SeleniumTestNG" time="101.143" errors="0" timestamp="2023-09-13T11:59:11 EDT">
  <testcase classname="exercise.unit10Annotation.OpenBrowserOnce" name="testAnhTesterBlog" time="27.542"/>
  <testcase classname="exercise.unit10Annotation.OpenBrowserOnce" name="login" time="6.399"/>
  <testcase classname="exercise.unit10Annotation.OpenBrowserEveryTest" name="testAnhTesterBlog" time="30.823"/>
  <testcase classname="exercise.unit10Annotation.OpenBrowserEveryTest" name="testGoogleSearch" time="26.87"/>
</testsuite> <!-- SeleniumTestNG -->
